#separator \x09
#set_separator	,
#empty_field	(empty)
#unset_field	-
#path	x509
#open	2019-06-14-16-30-58
#fields	ts	id	certificate.version	certificate.serial	certificate.subject	certificate.issuer	certificate.not_valid_before	certificate.not_valid_after	certificate.key_alg	certificate.sig_alg	certificate.key_type	certificate.key_length	certificate.exponent	certificate.curve	san.dns	san.uri	san.email	san.ip	basic_constraints.ca	basic_constraints.path_len
#types	time	string	count	string	string	string	time	time	string	string	string	count	string	string	vector[string]	vector[string]	vector[string]	vector[addr]	bool	count
1560501058.305805	FMZJGk2KXJRxUU3Bx8	3	2D0001F35422B3307EEC9502B500000001F354	CN=*.vortex.data.microsoft.com	CN=Microsoft IT TLS CA 5,OU=Microsoft IT,O=Microsoft Corporation,L=Redmond,ST=Washington,C=US	1517298881.000000	1580370881.000000	rsaEncryption	sha256WithRSAEncryption	rsa	2048	65537	-	*.vortex.data.microsoft.com,vortex.data.microsoft.com	-	-	-	-	-
1560501058.305805	FEnabE36DoHQ6fzSwg	3	0888CD525F1924444D14A58291DEB952	CN=Microsoft IT TLS CA 5,OU=Microsoft IT,O=Microsoft Corporation,L=Redmond,ST=Washington,C=US	CN=Baltimore CyberTrust Root,OU=CyberTrust,O=Baltimore,C=IE	1463719983.000000	1716180783.000000	rsaEncryption	sha256WithRSAEncryption	rsa	4096	65537	-	-	-	-	-	T	0
1560501059.517798	FCKFnF2ScLdfBikGQ2	3	2D0001F35422B3307EEC9502B500000001F354	CN=*.vortex.data.microsoft.com	CN=Microsoft IT TLS CA 5,OU=Microsoft IT,O=Microsoft Corporation,L=Redmond,ST=Washington,C=US	1517298881.000000	1580370881.000000	rsaEncryption	sha256WithRSAEncryption	rsa	2048	65537	-	*.vortex.data.microsoft.com,vortex.data.microsoft.com	-	-	-	-	-
1560501059.517798	FoFo1P2jBBRJPGmfmg	3	0888CD525F1924444D14A58291DEB952	CN=Microsoft IT TLS CA 5,OU=Microsoft IT,O=Microsoft Corporation,L=Redmond,ST=Washington,C=US	CN=Baltimore CyberTrust Root,OU=CyberTrust,O=Baltimore,C=IE	1463719983.000000	1716180783.000000	rsaEncryption	sha256WithRSAEncryption	rsa	4096	65537	-	-	-	-	-	T	0
1560501095.053835	FooNe53cDW8BiwKKNd	3	2D0001F35422B3307EEC9502B500000001F354	CN=*.vortex.data.microsoft.com	CN=Microsoft IT TLS CA 5,OU=Microsoft IT,O=Microsoft Corporation,L=Redmond,ST=Washington,C=US	1517298881.000000	1580370881.000000	rsaEncryption	sha256WithRSAEncryption	rsa	2048	65537	-	*.vortex.data.microsoft.com,vortex.data.microsoft.com	-	-	-	-	-
1560501095.053835	FYmiy72Gv208BbvTcb	3	0888CD525F1924444D14A58291DEB952	CN=Microsoft IT TLS CA 5,OU=Microsoft IT,O=Microsoft Corporation,L=Redmond,ST=Washington,C=US	CN=Baltimore CyberTrust Root,OU=CyberTrust,O=Baltimore,C=IE	1463719983.000000	1716180783.000000	rsaEncryption	sha256WithRSAEncryption	rsa	4096	65537	-	-	-	-	-	T	0
1560501111.213787	Ft1oPcsDYqx3my0j3	3	2D0001F35422B3307EEC9502B500000001F354	CN=*.vortex.data.microsoft.com	CN=Microsoft IT TLS CA 5,OU=Microsoft IT,O=Microsoft Corporation,L=Redmond,ST=Washington,C=US	1517298881.000000	1580370881.000000	rsaEncryption	sha256WithRSAEncryption	rsa	2048	65537	-	*.vortex.data.microsoft.com,vortex.data.microsoft.com	-	-	-	-	-
1560501111.213787	FxaGgE2PQDIflXDECi	3	0888CD525F1924444D14A58291DEB952	CN=Microsoft IT TLS CA 5,OU=Microsoft IT,O=Microsoft Corporation,L=Redmond,ST=Washington,C=US	CN=Baltimore CyberTrust Root,OU=CyberTrust,O=Baltimore,C=IE	1463719983.000000	1716180783.000000	rsaEncryption	sha256WithRSAEncryption	rsa	4096	65537	-	-	-	-	-	T	0
1560501113.733781	FpHqx143x1Gwflq2T7	3	2D0001F35422B3307EEC9502B500000001F354	CN=*.vortex.data.microsoft.com	CN=Microsoft IT TLS CA 5,OU=Microsoft IT,O=Microsoft Corporation,L=Redmond,ST=Washington,C=US	1517298881.000000	1580370881.000000	rsaEncryption	sha256WithRSAEncryption	rsa	2048	65537	-	*.vortex.data.microsoft.com,vortex.data.microsoft.com	-	-	-	-	-
1560501113.733781	FtMHd71nEOfQ44qWCj	3	0888CD525F1924444D14A58291DEB952	CN=Microsoft IT TLS CA 5,OU=Microsoft IT,O=Microsoft Corporation,L=Redmond,ST=Washington,C=US	CN=Baltimore CyberTrust Root,OU=CyberTrust,O=Baltimore,C=IE	1463719983.000000	1716180783.000000	rsaEncryption	sha256WithRSAEncryption	rsa	4096	65537	-	-	-	-	-	T	0
1560501153.617834	FFpUC835h7YupHlKK7	3	0A0630427F5BBCED6957396593B6451F	CN=github.com,O=GitHub\\, Inc.,L=San Francisco,ST=California,C=US,serialNumber=5157550,jurisdictionST=Delaware,jurisdictionC=US,businessCategory=Private Organization	CN=DigiCert SHA2 Extended Validation Server CA,OU=www.digicert.com,O=DigiCert Inc,C=US	1525708800.000000	1591156800.000000	rsaEncryption	sha256WithRSAEncryption	rsa	2048	65537	-	github.com,www.github.com	-	-	-	F	-
1560501153.617834	FXTHW03wAvMDgBcZO6	3	0C79A944B08C11952092615FE26B1D83	CN=DigiCert SHA2 Extended Validation Server CA,OU=www.digicert.com,O=DigiCert Inc,C=US	CN=DigiCert High Assurance EV Root CA,OU=www.digicert.com,O=DigiCert Inc,C=US	1382414400.000000	1855800000.000000	rsaEncryption	sha256WithRSAEncryption	rsa	2048	65537	-	-	-	-	-	T	0
1560501173.469799	FB1Q6L2jQpKlKd9O1i	3	049CF8E866C702CD669BA8269BD39818	CN=*.oschina.net	CN=TrustAsia TLS RSA CA,OU=Domain Validated SSL,O=TrustAsia Technologies\\, Inc.,C=CN	1528819200.000000	1565582400.000000	rsaEncryption	sha256WithRSAEncryption	rsa	2048	65537	-	*.oschina.net,oschina.net	-	-	-	F	-
1560501173.469799	Ff6Uwo2Gxn21uoV9R7	3	0580267F06F29553348E1C185A5EEE2E	CN=TrustAsia TLS RSA CA,OU=Domain Validated SSL,O=TrustAsia Technologies\\, Inc.,C=CN	CN=DigiCert Global Root CA,OU=www.digicert.com,O=DigiCert Inc,C=US	1512707306.000000	1828240106.000000	rsaEncryption	sha256WithRSAEncryption	rsa	2048	65537	-	-	-	-	-	T	0
#close	2019-06-14-16-34-51
